<?xml version="1.0" encoding="UTF-8"?>
<testsuite xmlns:xsi="http://www.w3.org/2001/XMLSchema-instance" xsi:noNamespaceSchemaLocation="https://maven.apache.org/surefire/maven-surefire-plugin/xsd/surefire-test-report-3.0.xsd" version="3.0" name="ch.tbz.recipe.planner.controller.RecipeControllerTest" time="12.649" tests="3" errors="0" skipped="0" failures="0">
  <properties>
[...]
</properties>
  <testcase name="addRecipe_returnsStatusOk" classname="ch.tbz.recipe.planner.controller.RecipeControllerTest" time="0.834">
    <system-out><![CDATA[20:32:42.645 [main] INFO org.springframework.test.context.support.AnnotationConfigContextLoaderUtils -- Could not detect default configuration classes for test class [ch.tbz.recipe.planner.controller.RecipeControllerTest]: RecipeControllerTest does not declare any static, non-private, non-final, nested classes annotated with @Configuration.
20:32:43.348 [main] INFO org.springframework.boot.test.context.SpringBootTestContextBootstrapper -- Found @SpringBootConfiguration ch.tbz.recipe.planner.RecipePlannerApplication for test class ch.tbz.recipe.planner.controller.RecipeControllerTest

  .   ____          _            __ _ _
 /\\ / ___'_ __ _ _(_)_ __  __ _ \ \ \ \
( ( )\___ | '_ | '_| | '_ \/ _` | \ \ \ \
 \\/  ___)| |_)| | | | | || (_| |  ) ) ) )
  '  |____| .__|_| |_|_| |_\__, | / / / /
 =========|_|==============|___/=/_/_/_/
 :: Spring Boot ::                (v3.2.1)

2025-10-22T20:32:45.621+02:00  INFO 30872 --- [           main] c.t.r.p.controller.RecipeControllerTest  : Starting RecipeControllerTest using Java 21.0.8 with PID 30872 (started by luca in C:\Users\luca\OneDrive\Berufsschule\TBZ\m450\24.10\recipe-planner-fronend-and-backend\recipe-planner-backend)
2025-10-22T20:32:45.627+02:00  INFO 30872 --- [           main] c.t.r.p.controller.RecipeControllerTest  : No active profile set, falling back to 1 default profile: "default"
2025-10-22T20:32:53.196+02:00  INFO 30872 --- [           main] o.s.b.t.m.w.SpringBootMockServletContext : Initializing Spring TestDispatcherServlet ''
2025-10-22T20:32:53.197+02:00  INFO 30872 --- [           main] o.s.t.web.servlet.TestDispatcherServlet  : Initializing Servlet ''
2025-10-22T20:32:53.205+02:00  INFO 30872 --- [           main] o.s.t.web.servlet.TestDispatcherServlet  : Completed initialization in 3 ms
2025-10-22T20:32:53.284+02:00  INFO 30872 --- [           main] c.t.r.p.controller.RecipeControllerTest  : Started RecipeControllerTest in 9.502 seconds (process running for 14.657)
]]></system-out>
    <system-err><![CDATA[WARNING: A Java agent has been loaded dynamically (C:\Users\luca\.m2\repository\net\bytebuddy\byte-buddy-agent\1.14.10\byte-buddy-agent-1.14.10.jar)
WARNING: If a serviceability tool is in use, please run with -XX:+EnableDynamicAgentLoading to hide this warning
WARNING: If a serviceability tool is not in use, please run with -Djdk.instrument.traceUsage for more information
WARNING: Dynamic loading of agents will be disallowed by default in a future release
]]></system-err>
  </testcase>
  <testcase name="getRecipeById_returnsStatusOk" classname="ch.tbz.recipe.planner.controller.RecipeControllerTest" time="0.019"/>
  <testcase name="getAllRecipes_returnsStatusOk" classname="ch.tbz.recipe.planner.controller.RecipeControllerTest" time="0.019"/>
</testsuite>