<?xml version="1.0" encoding="UTF-8"?>
<testsuite xmlns:xsi="http://www.w3.org/2001/XMLSchema-instance" xsi:noNamespaceSchemaLocation="https://maven.apache.org/surefire/maven-surefire-plugin/xsd/surefire-test-report-3.0.xsd" version="3.0" name="TodoServiceTest" time="2.494" tests="5" errors="0" skipped="0" failures="0">
  <properties>
[...]
</properties>
  <testcase name="getAllTodos_returnsListFromRepository" classname="TodoServiceTest" time="2.444"/>
  <testcase name="markAsDone_doesNothingIfTodoNotFound" classname="TodoServiceTest" time="0.013"/>
  <testcase name="markAsDone_marksTodoAsDoneIfFound" classname="TodoServiceTest" time="0.003"/>
  <testcase name="addTodo_createsAndReturnsTodo" classname="TodoServiceTest" time="0.004"/>
  <testcase name="addTodo_callsSaveOnce" classname="TodoServiceTest" time="0.008"/>
</testsuite>